<?xml version="1.0" encoding="UTF-8" ?>
<testsuite tests="14" failures="0" name="cucumber.Options.TestRunner" time="0.001" errors="0" skipped="0">
  <properties>
[...]
</properties>
  <testcase classname="| usman | english | world cross center |" name="Given Add Place Payload with &quot;usman&quot; &quot;english&quot; &quot;world cross center&quot;" time="0"/>
  <testcase classname="| usman | english | world cross center |" name="When user calls &quot;addPlaceAPI&quot; with &quot;Post&quot; http request" time="0"/>
  <testcase classname="| usman | english | world cross center |" name="Then the API call got success with status code 200" time="0"/>
  <testcase classname="| usman | english | world cross center |" name="And &quot;status&quot; in response body is &quot;OK&quot;" time="0.001"/>
  <testcase classname="| usman | english | world cross center |" name="And &quot;scope&quot; in response body is &quot;APP&quot;" time="0"/>
  <testcase classname="| usman | english | world cross center |" name="And verify place_Id created maps to &quot;usman&quot; using &quot;getPlaceAPI&quot;" time="0"/>
  <testcase classname="| usman | english | world cross center |" name="| usman | english | world cross center |" time="0"/>
  <testcase classname="| usman1 | english1 | world cross center1 |" name="Given Add Place Payload with &quot;usman1&quot; &quot;english1&quot; &quot;world cross center1&quot;" time="0"/>
  <testcase classname="| usman1 | english1 | world cross center1 |" name="When user calls &quot;addPlaceAPI&quot; with &quot;Post&quot; http request" time="0"/>
  <testcase classname="| usman1 | english1 | world cross center1 |" name="Then the API call got success with status code 200" time="0"/>
  <testcase classname="| usman1 | english1 | world cross center1 |" name="And &quot;status&quot; in response body is &quot;OK&quot;" time="0"/>
  <testcase classname="| usman1 | english1 | world cross center1 |" name="And &quot;scope&quot; in response body is &quot;APP&quot;" time="0"/>
  <testcase classname="| usman1 | english1 | world cross center1 |" name="And verify place_Id created maps to &quot;usman1&quot; using &quot;getPlaceAPI&quot;" time="0"/>
  <testcase classname="| usman1 | english1 | world cross center1 |" name="| usman1 | english1 | world cross center1 |" time="0"/>
</testsuite>